This is pdfTeX, Version 3.14159265-2.6-1.40.16 (TeX Live 2015/Debian) (preloaded format=latex 2018.1.10)  13 MAR 2018 11:49
entering extended mode
 restricted \write18 enabled.
 %&-line parsing enabled.
**resusme.tex
(/usr/share/texlive/texmf-dist/tex/latex/tools/x.tex
! Interruption.
<to be read again> 
                   \begingroup 
l.1 
    %%
? X
 
Here is how much of TeX's memory you used:
 8 strings out of 494954
 259 string characters out of 6181003
 45168 words of memory out of 5000000
 3390 multiletter control sequences out of 15000+600000
 3640 words of font info for 14 fonts, out of 8000000 for 9000
 14 hyphenation exceptions out of 8191
 3i,0n,1p,20b,6s stack positions out of 5000i,500n,10000p,200000b,80000s
No pages of output.
